test@[03-11-2017 06:12:45] : 3443
test@[03-11-2017 06:13:43] : 3443
test@[03-11-2017 06:16:28] : 3443
test@[03-11-2017 06:16:49] : 3443
test@[03-11-2017 06:18:51] : 3443
test@[03-11-2017 06:20:16] : sfadsfadsfdsf
test@[03-11-2017 06:24:14] : rwerwerewr
test@[03-11-2017 06:24:29] : rwerwerewr
test@[03-11-2017 06:24:43] : jsdlkfjlsadkfjlkdsjf
test@[03-11-2017 06:52:50] : sfdsdf
test@[03-11-2017 06:53:06] : 9493847593847
test@[03-11-2017 06:59:42] : asdfasdf
test@[03-11-2017 07:00:15] : dfasdfasdf
test@[03-11-2017 07:01:12] : sfasdf
test@[03-11-2017 07:01:36] : sfasdf4245245
test@[03-11-2017 07:05:32] : asfasdf
test@[03-11-2017 07:06:14] : adsfadsf
test@[03-11-2017 07:06:46] : sfasdf
test@[03-11-2017 07:07:17] : dsfasdf
test@[03-11-2017 07:10:26] : asdfasdf
<span class="userhighlight">test@[03-11-2017 07:12:25] : </span>asdfasdf
<span class="userhighlight">test@[03-11-2017 07:18:31] : </span>adsfasdf
<span class="userhighlight">test@[03-11-2017 07:18:39] : </span>adsfasdf234234
<span class="userhighlight">test@[03-11-2017 07:22:28] : </span>sdfasdf
<span class="userhighlight">test@[03-11-2017 07:22:38] : </span>sdfasdfccccccccccccc
<span class="userhighlight">test@[03-11-2017 07:24:29] : </span>sdfsdfsasdfasdfasdfasdf
<span class="userhighlight">test@[03-11-2017 07:24:50] : </span>sdfasdfasdf
<span class="userhighlight">test@[03-11-2017 07:25:29] : </span>sdasdf
<span class="userhighlight">test@[03-11-2017 07:25:38] : </span>sdasdfsdfasdfasdf
<span class="userhighlight">test@[03-11-2017 07:25:57] : </span>sdasdfsdfasdfasdf234234
<span class="userhighlight">test@[03-11-2017 07:26:31] : </span>sdasdfadsf
<span class="userhighlight">test@[03-11-2017 07:26:38] : </span>sdasdfadsf22974293847
<span class="userhighlight">test@[03-11-2017 07:28:16] : </span>sdfasdf
<span class="userhighlight">test@[03-11-2017 07:28:25] : </span>sdfasdfwerwerer
<span class="userhighlight">test@[03-11-2017 07:31:13] : </span>asdfasdfasdfasdf
<span class="userhighlight">test@[03-11-2017 07:31:43] : </span>35345
<span class="userhighlight">test@[03-11-2017 07:35:18] : </span>66666666666666
<span class="userhighlight">test@[03-11-2017 07:35:26] : </span>ksfhadskhfkjadsfh
<span class="userhighlight">test@[03-11-2017 07:35:46] : </span>asdjfaskdjf
<span class="userhighlight">test@[03-11-2017 07:35:52] : </span>394857394875
<span class="userhighlight">test1@[03-11-2017 07:36:23] : </span>ajdsfjhasdkfhakdsjfh
<span class="userhighlight">test@[03-11-2017 07:36:35] : </span>394857394875sfsdff
<span class="userhighlight">test1@[03-11-2017 07:37:39] : </span>kadsfkjdfh
<span class="userhighlight">test1@[03-11-2017 07:38:24] : </span>kadsfkjdfh
